This is pdfTeX, Version 3.141592653-2.6-1.40.22 (TeX Live 2022/dev/Debian) (preloaded format=pdflatex 2023.10.16)  17 OCT 2023 07:53
entering extended mode
 restricted \write18 enabled.
 file:line:error style messages enabled.
 %&-line parsing enabled.
**/home/chinatip/work/computer_vision/homework1/report.tex
(/home/chinatip/work/computer_vision/homework1/report.tex
LaTeX2e <2021-11-15> patch level 1
L3 programming layer <2022-01-21> (/usr/share/texlive/texmf-dist/tex/latex/base/report.cls
Document Class: report 2021/10/04 v1.4n Standard LaTeX document class
(/usr/share/texlive/texmf-dist/tex/latex/base/size12.clo
File: size12.clo 2021/10/04 v1.4n Standard LaTeX file (size option)
)
\c@part=\count185
\c@chapter=\count186
\c@section=\count187
\c@subsection=\count188
\c@subsubsection=\count189
\c@paragraph=\count190
\c@subparagraph=\count191
\c@figure=\count192
\c@table=\count193
\abovecaptionskip=\skip47
\belowcaptionskip=\skip48
\bibindent=\dimen138
) (/usr/share/texlive/texmf-dist/tex/latex/geometry/geometry.sty
Package: geometry 2020/01/02 v5.9 Page Geometry
 (/usr/share/texlive/texmf-dist/tex/latex/graphics/keyval.sty
Package: keyval 2014/10/28 v1.15 key=value parser (DPC)
\KV@toks@=\toks16
) (/usr/share/texlive/texmf-dist/tex/generic/iftex/ifvtex.sty
Package: ifvtex 2019/10/25 v1.7 ifvtex legacy package. Use iftex instead.
 (/usr/share/texlive/texmf-dist/tex/generic/iftex/iftex.sty
Package: iftex 2020/03/06 v1.0d TeX engine tests
))
\Gm@cnth=\count194
\Gm@cntv=\count195
\c@Gm@tempcnt=\count196
\Gm@bindingoffset=\dimen139
\Gm@wd@mp=\dimen140
\Gm@odd@mp=\dimen141
\Gm@even@mp=\dimen142
\Gm@layoutwidth=\dimen143
\Gm@layoutheight=\dimen144
\Gm@layouthoffset=\dimen145
\Gm@layoutvoffset=\dimen146
\Gm@dimlist=\toks17
) (/usr/share/texlive/texmf-dist/tex/latex/amsmath/amsmath.sty
Package: amsmath 2021/10/15 v2.17l AMS math features
\@mathmargin=\skip49

For additional information on amsmath, use the `?' option.
(/usr/share/texlive/texmf-dist/tex/latex/amsmath/amstext.sty
Package: amstext 2021/08/26 v2.01 AMS text
 (/usr/share/texlive/texmf-dist/tex/latex/amsmath/amsgen.sty
File: amsgen.sty 1999/11/30 v2.0 generic functions
\@emptytoks=\toks18
\ex@=\dimen147
)) (/usr/share/texlive/texmf-dist/tex/latex/amsmath/amsbsy.sty
Package: amsbsy 1999/11/29 v1.2d Bold Symbols
\pmbraise@=\dimen148
) (/usr/share/texlive/texmf-dist/tex/latex/amsmath/amsopn.sty
Package: amsopn 2021/08/26 v2.02 operator names
)
\inf@bad=\count197
LaTeX Info: Redefining \frac on input line 234.
\uproot@=\count198
\leftroot@=\count199
LaTeX Info: Redefining \overline on input line 399.
\classnum@=\count266
\DOTSCASE@=\count267
LaTeX Info: Redefining \ldots on input line 496.
LaTeX Info: Redefining \dots on input line 499.
LaTeX Info: Redefining \cdots on input line 620.
\Mathstrutbox@=\box50
\strutbox@=\box51
\big@size=\dimen149
LaTeX Font Info:    Redeclaring font encoding OML on input line 743.
LaTeX Font Info:    Redeclaring font encoding OMS on input line 744.
\macc@depth=\count268
\c@MaxMatrixCols=\count269
\dotsspace@=\muskip16
\c@parentequation=\count270
\dspbrk@lvl=\count271
\tag@help=\toks19
\row@=\count272
\column@=\count273
\maxfields@=\count274
\andhelp@=\toks20
\eqnshift@=\dimen150
\alignsep@=\dimen151
\tagshift@=\dimen152
\tagwidth@=\dimen153
\totwidth@=\dimen154
\lineht@=\dimen155
\@envbody=\toks21
\multlinegap=\skip50
\multlinetaggap=\skip51
\mathdisplay@stack=\toks22
LaTeX Info: Redefining \[ on input line 2938.
LaTeX Info: Redefining \] on input line 2939.
) (/usr/share/texlive/texmf-dist/tex/latex/amsfonts/amsfonts.sty
Package: amsfonts 2013/01/14 v3.01 Basic AMSFonts support
\symAMSa=\mathgroup4
\symAMSb=\mathgroup5
LaTeX Font Info:    Redeclaring math symbol \hbar on input line 98.
LaTeX Font Info:    Overwriting math alphabet `\mathfrak' in version `bold'
(Font)                  U/euf/m/n --> U/euf/b/n on input line 106.
) (/usr/share/texlive/texmf-dist/tex/latex/amsfonts/amssymb.sty
Package: amssymb 2013/01/14 v3.01 AMS font symbols
) (/usr/share/texlive/texmf-dist/tex/latex/graphics/graphicx.sty
Package: graphicx 2021/09/16 v1.2d Enhanced LaTeX Graphics (DPC,SPQR)
 (/usr/share/texlive/texmf-dist/tex/latex/graphics/graphics.sty
Package: graphics 2021/03/04 v1.4d Standard LaTeX Graphics (DPC,SPQR)
 (/usr/share/texlive/texmf-dist/tex/latex/graphics/trig.sty
Package: trig 2021/08/11 v1.11 sin cos tan (DPC)
) (/usr/share/texlive/texmf-dist/tex/latex/graphics-cfg/graphics.cfg
File: graphics.cfg 2016/06/04 v1.11 sample graphics configuration
)
Package graphics Info: Driver file: pdftex.def on input line 107.
 (/usr/share/texlive/texmf-dist/tex/latex/graphics-def/pdftex.def
File: pdftex.def 2020/10/05 v1.2a Graphics/color driver for pdftex
))
\Gin@req@height=\dimen156
\Gin@req@width=\dimen157
) (/usr/share/texlive/texmf-dist/tex/latex/listings/listings.sty
\lst@mode=\count275
\lst@gtempboxa=\box52
\lst@token=\toks23
\lst@length=\count276
\lst@currlwidth=\dimen158
\lst@column=\count277
\lst@pos=\count278
\lst@lostspace=\dimen159
\lst@width=\dimen160
\lst@newlines=\count279
\lst@lineno=\count280
\lst@maxwidth=\dimen161
 (/usr/share/texlive/texmf-dist/tex/latex/listings/lstmisc.sty
File: lstmisc.sty 2020/03/24 1.8d (Carsten Heinz)
\c@lstnumber=\count281
\lst@skipnumbers=\count282
\lst@framebox=\box53
) (/usr/share/texlive/texmf-dist/tex/latex/listings/listings.cfg
File: listings.cfg 2020/03/24 1.8d listings configuration
))
Package: listings 2020/03/24 1.8d (Carsten Heinz)
 (/usr/share/texlive/texmf-dist/tex/latex/caption/subcaption.sty
Package: subcaption 2020/10/07 v1.3j Sub-captions (AR)
 (/usr/share/texlive/texmf-dist/tex/latex/caption/caption.sty
Package: caption 2020/10/26 v3.5g Customizing captions (AR)
 (/usr/share/texlive/texmf-dist/tex/latex/caption/caption3.sty
Package: caption3 2020/10/21 v2.2e caption3 kernel (AR)
\captionmargin=\dimen162
\captionmargin@=\dimen163
\captionwidth=\dimen164
\caption@tempdima=\dimen165
\caption@indent=\dimen166
\caption@parindent=\dimen167
\caption@hangindent=\dimen168
Package caption Info: Standard document class detected.
)
\c@caption@flags=\count283
\c@continuedfloat=\count284
Package caption Info: listings package is loaded.
)
\c@subfigure=\count285
\c@subtable=\count286
) (/usr/share/texlive/texmf-dist/tex/latex/tools/tabularx.sty
Package: tabularx 2020/01/15 v2.11c `tabularx' package (DPC)
 (/usr/share/texlive/texmf-dist/tex/latex/tools/array.sty
Package: array 2021/10/04 v2.5f Tabular extension package (FMi)
\col@sep=\dimen169
\ar@mcellbox=\box54
\extrarowheight=\dimen170
\NC@list=\toks24
\extratabsurround=\skip52
\backup@length=\skip53
\ar@cellbox=\box55
)
\TX@col@width=\dimen171
\TX@old@table=\dimen172
\TX@old@col=\dimen173
\TX@target=\dimen174
\TX@delta=\dimen175
\TX@cols=\count287
\TX@ftn=\toks25
) (/usr/share/texlive/texmf-dist/tex/latex/hyperref/hyperref.sty
Package: hyperref 2021-06-07 v7.00m Hypertext links for LaTeX
 (/usr/share/texlive/texmf-dist/tex/generic/ltxcmds/ltxcmds.sty
Package: ltxcmds 2020-05-10 v1.25 LaTeX kernel commands for general use (HO)
) (/usr/share/texlive/texmf-dist/tex/generic/pdftexcmds/pdftexcmds.sty
Package: pdftexcmds 2020-06-27 v0.33 Utility functions of pdfTeX for LuaTeX (HO)
 (/usr/share/texlive/texmf-dist/tex/generic/infwarerr/infwarerr.sty
Package: infwarerr 2019/12/03 v1.5 Providing info/warning/error messages (HO)
)
Package pdftexcmds Info: \pdf@primitive is available.
Package pdftexcmds Info: \pdf@ifprimitive is available.
Package pdftexcmds Info: \pdfdraftmode found.
) (/usr/share/texlive/texmf-dist/tex/generic/kvsetkeys/kvsetkeys.sty
Package: kvsetkeys 2019/12/15 v1.18 Key value parser (HO)
) (/usr/share/texlive/texmf-dist/tex/generic/kvdefinekeys/kvdefinekeys.sty
Package: kvdefinekeys 2019-12-19 v1.6 Define keys (HO)
) (/usr/share/texlive/texmf-dist/tex/generic/pdfescape/pdfescape.sty
Package: pdfescape 2019/12/09 v1.15 Implements pdfTeX's escape features (HO)
) (/usr/share/texlive/texmf-dist/tex/latex/hycolor/hycolor.sty
Package: hycolor 2020-01-27 v1.10 Color options for hyperref/bookmark (HO)
) (/usr/share/texlive/texmf-dist/tex/latex/letltxmacro/letltxmacro.sty
Package: letltxmacro 2019/12/03 v1.6 Let assignment for LaTeX macros (HO)
) (/usr/share/texlive/texmf-dist/tex/latex/auxhook/auxhook.sty
Package: auxhook 2019-12-17 v1.6 Hooks for auxiliary files (HO)
) (/usr/share/texlive/texmf-dist/tex/latex/kvoptions/kvoptions.sty
Package: kvoptions 2020-10-07 v3.14 Key value format for package options (HO)
)
\@linkdim=\dimen176
\Hy@linkcounter=\count288
\Hy@pagecounter=\count289
 (/usr/share/texlive/texmf-dist/tex/latex/hyperref/pd1enc.def
File: pd1enc.def 2021-06-07 v7.00m Hyperref: PDFDocEncoding definition (HO)
Now handling font encoding PD1 ...
... no UTF-8 mapping file for font encoding PD1
) (/usr/share/texlive/texmf-dist/tex/latex/hyperref/hyperref-langpatches.def
File: hyperref-langpatches.def 2021-06-07 v7.00m Hyperref: patches for babel languages
) (/usr/share/texlive/texmf-dist/tex/generic/intcalc/intcalc.sty
Package: intcalc 2019/12/15 v1.3 Expandable calculations with integers (HO)
) (/usr/share/texlive/texmf-dist/tex/generic/etexcmds/etexcmds.sty
Package: etexcmds 2019/12/15 v1.7 Avoid name clashes with e-TeX commands (HO)
)
\Hy@SavedSpaceFactor=\count290
 (/usr/share/texlive/texmf-dist/tex/latex/hyperref/puenc.def
File: puenc.def 2021-06-07 v7.00m Hyperref: PDF Unicode definition (HO)
Now handling font encoding PU ...
... no UTF-8 mapping file for font encoding PU
)
Package hyperref Info: Hyper figures OFF on input line 4192.
Package hyperref Info: Link nesting OFF on input line 4197.
Package hyperref Info: Hyper index ON on input line 4200.
Package hyperref Info: Plain pages OFF on input line 4207.
Package hyperref Info: Backreferencing OFF on input line 4212.
Package hyperref Info: Implicit mode ON; LaTeX internals redefined.
Package hyperref Info: Bookmarks ON on input line 4445.
\c@Hy@tempcnt=\count291
 (/usr/share/texlive/texmf-dist/tex/latex/url/url.sty
\Urlmuskip=\muskip17
Package: url 2013/09/16  ver 3.4  Verb mode for urls, etc.
)
LaTeX Info: Redefining \url on input line 4804.
\XeTeXLinkMargin=\dimen177
 (/usr/share/texlive/texmf-dist/tex/generic/bitset/bitset.sty
Package: bitset 2019/12/09 v1.3 Handle bit-vector datatype (HO)
 (/usr/share/texlive/texmf-dist/tex/generic/bigintcalc/bigintcalc.sty
Package: bigintcalc 2019/12/15 v1.5 Expandable calculations on big integers (HO)
))
\Fld@menulength=\count292
\Field@Width=\dimen178
\Fld@charsize=\dimen179
Package hyperref Info: Hyper figures OFF on input line 6076.
Package hyperref Info: Link nesting OFF on input line 6081.
Package hyperref Info: Hyper index ON on input line 6084.
Package hyperref Info: backreferencing OFF on input line 6091.
Package hyperref Info: Link coloring OFF on input line 6096.
Package hyperref Info: Link coloring with OCG OFF on input line 6101.
Package hyperref Info: PDF/A mode OFF on input line 6106.
LaTeX Info: Redefining \ref on input line 6146.
LaTeX Info: Redefining \pageref on input line 6150.
 (/usr/share/texlive/texmf-dist/tex/latex/base/atbegshi-ltx.sty
Package: atbegshi-ltx 2021/01/10 v1.0c Emulation of the original atbegshi
package with kernel methods
)
\Hy@abspage=\count293
\c@Item=\count294
\c@Hfootnote=\count295
)
Package hyperref Info: Driver (autodetected): hpdftex.
 (/usr/share/texlive/texmf-dist/tex/latex/hyperref/hpdftex.def
File: hpdftex.def 2021-06-07 v7.00m Hyperref driver for pdfTeX
 (/usr/share/texlive/texmf-dist/tex/latex/base/atveryend-ltx.sty
Package: atveryend-ltx 2020/08/19 v1.0a Emulation of the original atveryend package
with kernel methods
)
\Fld@listcount=\count296
\c@bookmark@seq@number=\count297
 (/usr/share/texlive/texmf-dist/tex/latex/rerunfilecheck/rerunfilecheck.sty
Package: rerunfilecheck 2019/12/05 v1.9 Rerun checks for auxiliary files (HO)
 (/usr/share/texlive/texmf-dist/tex/generic/uniquecounter/uniquecounter.sty
Package: uniquecounter 2019/12/15 v1.4 Provide unlimited unique counter (HO)
)
Package uniquecounter Info: New unique counter `rerunfilecheck' on input line 286.
)
\Hy@SectionHShift=\skip54
) (/usr/share/texlive/texmf-dist/tex/latex/listings/lstlang1.sty
File: lstlang1.sty 2020/03/24 1.8d listings language file
) (/usr/share/texlive/texmf-dist/tex/latex/listings/lstlang1.sty
File: lstlang1.sty 2020/03/24 1.8d listings language file
) (/usr/share/texlive/texmf-dist/tex/latex/listings/lstmisc.sty
File: lstmisc.sty 2020/03/24 1.8d (Carsten Heinz)
) (/usr/share/texlive/texmf-dist/tex/latex/l3backend/l3backend-pdftex.def
File: l3backend-pdftex.def 2022-01-12 L3 backend support: PDF output (pdfTeX)
\l__color_backend_stack_int=\count298
\l__pdf_internal_box=\box56
) (./report.aux)
\openout1 = `report.aux'.

LaTeX Font Info:    Checking defaults for OML/cmm/m/it on input line 32.
LaTeX Font Info:    ... okay on input line 32.
LaTeX Font Info:    Checking defaults for OMS/cmsy/m/n on input line 32.
LaTeX Font Info:    ... okay on input line 32.
LaTeX Font Info:    Checking defaults for OT1/cmr/m/n on input line 32.
LaTeX Font Info:    ... okay on input line 32.
LaTeX Font Info:    Checking defaults for T1/cmr/m/n on input line 32.
LaTeX Font Info:    ... okay on input line 32.
LaTeX Font Info:    Checking defaults for TS1/cmr/m/n on input line 32.
LaTeX Font Info:    ... okay on input line 32.
LaTeX Font Info:    Checking defaults for OMX/cmex/m/n on input line 32.
LaTeX Font Info:    ... okay on input line 32.
LaTeX Font Info:    Checking defaults for U/cmr/m/n on input line 32.
LaTeX Font Info:    ... okay on input line 32.
LaTeX Font Info:    Checking defaults for PD1/pdf/m/n on input line 32.
LaTeX Font Info:    ... okay on input line 32.
LaTeX Font Info:    Checking defaults for PU/pdf/m/n on input line 32.
LaTeX Font Info:    ... okay on input line 32.

*geometry* driver: auto-detecting
*geometry* detected driver: pdftex
*geometry* verbose mode - [ preamble ] result:
* driver: pdftex
* paper: a4paper
* layout: <same size as paper>
* layoutoffset:(h,v)=(0.0pt,0.0pt)
* modes: 
* h-part:(L,W,R)=(72.26999pt, 452.9679pt, 72.26999pt)
* v-part:(T,H,B)=(72.26999pt, 700.50687pt, 72.26999pt)
* \paperwidth=597.50787pt
* \paperheight=845.04684pt
* \textwidth=452.9679pt
* \textheight=700.50687pt
* \oddsidemargin=0.0pt
* \evensidemargin=0.0pt
* \topmargin=-37.0pt
* \headheight=12.0pt
* \headsep=25.0pt
* \topskip=12.0pt
* \footskip=30.0pt
* \marginparwidth=35.0pt
* \marginparsep=10.0pt
* \columnsep=10.0pt
* \skip\footins=10.8pt plus 4.0pt minus 2.0pt
* \hoffset=0.0pt
* \voffset=0.0pt
* \mag=1000
* \@twocolumnfalse
* \@twosidefalse
* \@mparswitchfalse
* \@reversemarginfalse
* (1in=72.27pt=25.4mm, 1cm=28.453pt)

(/usr/share/texlive/texmf-dist/tex/context/base/mkii/supp-pdf.mkii
[Loading MPS to PDF converter (version 2006.09.02).]
\scratchcounter=\count299
\scratchdimen=\dimen180
\scratchbox=\box57
\nofMPsegments=\count300
\nofMParguments=\count301
\everyMPshowfont=\toks26
\MPscratchCnt=\count302
\MPscratchDim=\dimen181
\MPnumerator=\count303
\makeMPintoPDFobject=\count304
\everyMPtoPDFconversion=\toks27
) (/usr/share/texlive/texmf-dist/tex/latex/epstopdf-pkg/epstopdf-base.sty
Package: epstopdf-base 2020-01-24 v2.11 Base part for package epstopdf
Package epstopdf-base Info: Redefining graphics rule for `.eps' on input line 485.
 (/usr/share/texlive/texmf-dist/tex/latex/latexconfig/epstopdf-sys.cfg
File: epstopdf-sys.cfg 2010/07/13 v1.3 Configuration of (r)epstopdf for TeX Live
))
\c@lstlisting=\count305
Package caption Info: Begin \AtBeginDocument code.
Package caption Info: hyperref package is loaded.
Package caption Info: End \AtBeginDocument code.
Package hyperref Info: Link coloring OFF on input line 32.
 (/usr/share/texlive/texmf-dist/tex/latex/hyperref/nameref.sty
Package: nameref 2021-04-02 v2.47 Cross-referencing by name of section
 (/usr/share/texlive/texmf-dist/tex/latex/refcount/refcount.sty
Package: refcount 2019/12/15 v3.6 Data extraction from label references (HO)
) (/usr/share/texlive/texmf-dist/tex/generic/gettitlestring/gettitlestring.sty
Package: gettitlestring 2019/12/15 v1.6 Cleanup title references (HO)
)
\c@section@level=\count306
)
LaTeX Info: Redefining \ref on input line 32.
LaTeX Info: Redefining \pageref on input line 32.
LaTeX Info: Redefining \nameref on input line 32.
 (./report.out) (./report.out)
\@outlinefile=\write3
\openout3 = `report.out'.

LaTeX Font Info:    Trying to load font information for U+msa on input line 35.
 (/usr/share/texlive/texmf-dist/tex/latex/amsfonts/umsa.fd
File: umsa.fd 2013/01/14 v3.01 AMS symbols A
)
LaTeX Font Info:    Trying to load font information for U+msb on input line 35.
 (/usr/share/texlive/texmf-dist/tex/latex/amsfonts/umsb.fd
File: umsb.fd 2013/01/14 v3.01 AMS symbols B
) [1

{/var/lib/texmf/fonts/map/pdftex/updmap/pdftex.map}] (./report.toc)
\tf@toc=\write4
\openout4 = `report.toc'.

pdfTeX warning (ext4): destination with the same identifier (name{page.1}) has been already used, duplicate ignored
<to be read again> 
                   \relax 
l.38 \chapter
             {Introduction} [1

]
Chapter 1.
[2

]
Chapter 2.
LaTeX Font Info:    Font shape `OT1/cmtt/bx/n' in size <10.95> not available
(Font)              Font shape `OT1/cmtt/m/n' tried instead on input line 76.
[3

] [4]
<program.png, id=224, 1076.823pt x 420.3705pt>
File: program.png Graphic file (type png)
<use program.png>
Package pdftex.def Info: program.png  used on input line 183.
(pdftex.def)             Requested size: 452.9679pt x 176.83022pt.
 [5 <./program.png>]
<test_img/aeroplane.png, id=263, 1204.5pt x 814.04124pt>
File: test_img/aeroplane.png Graphic file (type png)
<use test_img/aeroplane.png>
Package pdftex.def Info: test_img/aeroplane.png  used on input line 224.
(pdftex.def)             Requested size: 407.66833pt x 275.51581pt.
<result_img/aeroplane_Q1.png, id=264, 1204.5pt x 814.04124pt>
File: result_img/aeroplane_Q1.png Graphic file (type png)
<use result_img/aeroplane_Q1.png>
Package pdftex.def Info: result_img/aeroplane_Q1.png  used on input line 225.
(pdftex.def)             Requested size: 407.66833pt x 275.51581pt.
 [6

] [7 <./test_img/aeroplane.png> <./result_img/aeroplane_Q1.png (PNG copy)>] [8

]
File: result_img/aeroplane_Q1.png Graphic file (type png)
<use result_img/aeroplane_Q1.png>
Package pdftex.def Info: result_img/aeroplane_Q1.png  used on input line 320.
(pdftex.def)             Requested size: 407.66833pt x 275.51581pt.
<result_img/aeroplane_Q2.png, id=347, 1204.5pt x 814.04124pt>
File: result_img/aeroplane_Q2.png Graphic file (type png)
<use result_img/aeroplane_Q2.png>
Package pdftex.def Info: result_img/aeroplane_Q2.png  used on input line 321.
(pdftex.def)             Requested size: 407.66833pt x 275.51581pt.
 [9] [10 <./result_img/aeroplane_Q2.png (PNG copy)>] [11

]
File: result_img/aeroplane_Q2.png Graphic file (type png)
<use result_img/aeroplane_Q2.png>
Package pdftex.def Info: result_img/aeroplane_Q2.png  used on input line 417.
(pdftex.def)             Requested size: 361.35278pt x 244.21425pt.
<result_img/aeroplane_Q3.png, id=444, 602.25pt x 407.5225pt>
File: result_img/aeroplane_Q3.png Graphic file (type png)
<use result_img/aeroplane_Q3.png>
Package pdftex.def Info: result_img/aeroplane_Q3.png  used on input line 418.
(pdftex.def)             Requested size: 180.67639pt x 122.25769pt.
 [12] [13 <./result_img/aeroplane_Q3.png (PNG copy)>]
File: result_img/aeroplane_Q3.png Graphic file (type png)
<use result_img/aeroplane_Q3.png>
Package pdftex.def Info: result_img/aeroplane_Q3.png  used on input line 461.
(pdftex.def)             Requested size: 407.66833pt x 275.86797pt.
<result_img/aeroplane_Q4.png, id=493, 602.25pt x 407.5225pt>
File: result_img/aeroplane_Q4.png Graphic file (type png)
<use result_img/aeroplane_Q4.png>
Package pdftex.def Info: result_img/aeroplane_Q4.png  used on input line 462.
(pdftex.def)             Requested size: 407.66833pt x 275.86797pt.
 [14

] [15 <./result_img/aeroplane_Q4.png (PNG copy)>]
Chapter 3.
<output/aeroplane_Q4_t_16.png, id=532, 602.25pt x 407.5225pt>
File: output/aeroplane_Q4_t_16.png Graphic file (type png)
<use output/aeroplane_Q4_t_16.png>
Package pdftex.def Info: output/aeroplane_Q4_t_16.png  used on input line 475.
(pdftex.def)             Requested size: 221.95676pt x 150.19022pt.
<output/aeroplane_Q4_t_32.png, id=533, 602.25pt x 407.5225pt>
File: output/aeroplane_Q4_t_32.png Graphic file (type png)
<use output/aeroplane_Q4_t_32.png>
Package pdftex.def Info: output/aeroplane_Q4_t_32.png  used on input line 479.
(pdftex.def)             Requested size: 221.95676pt x 150.19022pt.
<output/aeroplane_Q4_t_64.png, id=534, 602.25pt x 407.5225pt>
File: output/aeroplane_Q4_t_64.png Graphic file (type png)
<use output/aeroplane_Q4_t_64.png>
Package pdftex.def Info: output/aeroplane_Q4_t_64.png  used on input line 483.
(pdftex.def)             Requested size: 221.95676pt x 150.19022pt.
<output/aeroplane_Q4_t_128.png, id=535, 602.25pt x 407.5225pt>
File: output/aeroplane_Q4_t_128.png Graphic file (type png)
<use output/aeroplane_Q4_t_128.png>
Package pdftex.def Info: output/aeroplane_Q4_t_128.png  used on input line 487.
(pdftex.def)             Requested size: 221.95676pt x 150.19022pt.
<output/taipei101_Q4_t_16.png, id=536, 268.00125pt x 400.49625pt>
File: output/taipei101_Q4_t_16.png Graphic file (type png)
<use output/taipei101_Q4_t_16.png>
Package pdftex.def Info: output/taipei101_Q4_t_16.png  used on input line 497.
(pdftex.def)             Requested size: 203.83417pt x 304.60641pt.
<output/taipei101_Q4_t_32.png, id=537, 268.00125pt x 400.49625pt>
File: output/taipei101_Q4_t_32.png Graphic file (type png)
<use output/taipei101_Q4_t_32.png>
Package pdftex.def Info: output/taipei101_Q4_t_32.png  used on input line 501.
(pdftex.def)             Requested size: 203.83417pt x 304.60641pt.
<output/taipei101_Q4_t_64.png, id=538, 268.00125pt x 400.49625pt>
File: output/taipei101_Q4_t_64.png Graphic file (type png)
<use output/taipei101_Q4_t_64.png>
Package pdftex.def Info: output/taipei101_Q4_t_64.png  used on input line 505.
(pdftex.def)             Requested size: 203.83417pt x 304.60641pt.
<output/taipei101_Q4_t_128.png, id=539, 268.00125pt x 400.49625pt>
File: output/taipei101_Q4_t_128.png Graphic file (type png)
<use output/taipei101_Q4_t_128.png>
Package pdftex.def Info: output/taipei101_Q4_t_128.png  used on input line 509.
(pdftex.def)             Requested size: 203.83417pt x 304.60641pt.
[16


 <./output/aeroplane_Q4_t_16.png (PNG copy)> <./output/aeroplane_Q4_t_32.png (PNG copy)> <./output/aeroplane_Q4_t_64.png (PNG copy)> <./output/aeroplane_Q4_t_128.png (PNG copy)>]

LaTeX Warning: Text page 17 contains only floats.


Overfull \vbox (1.40593pt too high) has occurred while \output is active []

 [17 <./output/taipei101_Q4_t_16.png (PNG copy)> <./output/taipei101_Q4_t_32.png (PNG copy)> <./output/taipei101_Q4_t_64.png (PNG copy)> <./output/taipei101_Q4_t_128.png (PNG copy)>] [18]
Appendix A.
[19


]
Appendix B.
[20

] [21] [22]
Appendix C.
[23

]
Appendix D.
[24

] [25] [26] [27] [28]
Appendix E.
File: test_img/aeroplane.png Graphic file (type png)
<use test_img/aeroplane.png>
Package pdftex.def Info: test_img/aeroplane.png  used on input line 886.
(pdftex.def)             Requested size: 452.9679pt x 306.1342pt.
File: result_img/aeroplane_Q1.png Graphic file (type png)
<use result_img/aeroplane_Q1.png>
Package pdftex.def Info: result_img/aeroplane_Q1.png  used on input line 890.
(pdftex.def)             Requested size: 452.9679pt x 306.1342pt.
File: result_img/aeroplane_Q2.png Graphic file (type png)
<use result_img/aeroplane_Q2.png>
Package pdftex.def Info: result_img/aeroplane_Q2.png  used on input line 892.
(pdftex.def)             Requested size: 452.9679pt x 306.1342pt.
File: result_img/aeroplane_Q3.png Graphic file (type png)
<use result_img/aeroplane_Q3.png>
Package pdftex.def Info: result_img/aeroplane_Q3.png  used on input line 896.
(pdftex.def)             Requested size: 452.9679pt x 306.5179pt.
File: result_img/aeroplane_Q4.png Graphic file (type png)
<use result_img/aeroplane_Q4.png>
Package pdftex.def Info: result_img/aeroplane_Q4.png  used on input line 898.
(pdftex.def)             Requested size: 452.9679pt x 306.5179pt.
[29

]

LaTeX Warning: Text page 30 contains only floats.

[30]

LaTeX Warning: Text page 31 contains only floats.

[31]
<test_img/taipei101.png, id=962, 385.1991pt x 575.9919pt>
File: test_img/taipei101.png Graphic file (type png)
<use test_img/taipei101.png>
Package pdftex.def Info: test_img/taipei101.png  used on input line 906.
(pdftex.def)             Requested size: 199.75972pt x 298.70892pt.
<result_img/taipei101_Q1.png, id=963, 534.99875pt x 799.98875pt>
File: result_img/taipei101_Q1.png Graphic file (type png)
<use result_img/taipei101_Q1.png>
Package pdftex.def Info: result_img/taipei101_Q1.png  used on input line 911.
(pdftex.def)             Requested size: 199.75972pt x 298.70113pt.
<result_img/taipei101_Q2.png, id=964, 534.99875pt x 799.98875pt>
File: result_img/taipei101_Q2.png Graphic file (type png)
<use result_img/taipei101_Q2.png>
Package pdftex.def Info: result_img/taipei101_Q2.png  used on input line 916.
(pdftex.def)             Requested size: 199.75972pt x 298.70113pt.
<result_img/taipei101_Q3.png, id=965, 268.00125pt x 400.49625pt>
File: result_img/taipei101_Q3.png Graphic file (type png)
<use result_img/taipei101_Q3.png>
Package pdftex.def Info: result_img/taipei101_Q3.png  used on input line 921.
(pdftex.def)             Requested size: 199.75972pt x 298.51367pt.
<result_img/taipei101_Q4.png, id=966, 268.00125pt x 400.49625pt>
File: result_img/taipei101_Q4.png Graphic file (type png)
<use result_img/taipei101_Q4.png>
Package pdftex.def Info: result_img/taipei101_Q4.png  used on input line 928.
(pdftex.def)             Requested size: 199.75972pt x 298.51367pt.
 [32

 <./test_img/taipei101.png> <./result_img/taipei101_Q1.png (PNG copy)> <./result_img/taipei101_Q2.png (PNG copy)> <./result_img/taipei101_Q3.png (PNG copy)>] [33 <./result_img/taipei101_Q4.png (PNG copy)>] (./report.aux)
Package rerunfilecheck Info: File `report.out' has not changed.
(rerunfilecheck)             Checksum: 53E316055A996B6B56126B084FBAFF75;3087.
 ) 
Here is how much of TeX's memory you used:
 14145 strings out of 480204
 220483 string characters out of 5895009
 1084692 words of memory out of 5000000
 31180 multiletter control sequences out of 15000+600000
 479770 words of font info for 69 fonts, out of 8000000 for 9000
 36 hyphenation exceptions out of 8191
 67i,8n,77p,347b,1967s stack positions out of 5000i,500n,10000p,200000b,80000s
 </home/chinatip/.texlive2021/texmf-var/fonts/pk/ljfour/jknappen/ec/tcrm1200.600pk></usr/share/texlive/texmf-dist/fonts/type1/public/amsfonts/cm/cmbx12.pfb></usr/share/texlive/texmf-dist/fonts/type1/public/amsfonts/cm/cmitt10.pfb></usr/share/texlive/texmf-dist/fonts/type1/public/amsfonts/cm/cmr10.pfb></usr/share/texlive/texmf-dist/fonts/type1/public/amsfonts/cm/cmr12.pfb></usr/share/texlive/texmf-dist/fonts/type1/public/amsfonts/cm/cmr17.pfb></usr/share/texlive/texmf-dist/fonts/type1/public/amsfonts/cm/cmsy10.pfb></usr/share/texlive/texmf-dist/fonts/type1/public/amsfonts/cm/cmtt10.pfb></usr/share/texlive/texmf-dist/fonts/type1/public/amsfonts/cm/cmtt12.pfb>
Output written on report.pdf (34 pages, 5428669 bytes).
PDF statistics:
 1170 PDF objects out of 1200 (max. 8388607)
 1086 compressed objects within 11 object streams
 739 named destinations out of 1000 (max. 500000)
 272 words of extra memory for PDF output out of 10000 (max. 10000000)

