This is pdfTeX, Version 3.141592653-2.6-1.40.22 (TeX Live 2022/dev/Debian) (preloaded format=pdflatex 2023.10.16)  19 NOV 2023 17:18
entering extended mode
 restricted \write18 enabled.
 file:line:error style messages enabled.
 %&-line parsing enabled.
**/home/chinatip/work/computer_vision/homework2/report.tex
(/home/chinatip/work/computer_vision/homework2/report.tex
LaTeX2e <2021-11-15> patch level 1
L3 programming layer <2022-01-21> (/usr/share/texlive/texmf-dist/tex/latex/base/report.cls
Document Class: report 2021/10/04 v1.4n Standard LaTeX document class
(/usr/share/texlive/texmf-dist/tex/latex/base/size12.clo
File: size12.clo 2021/10/04 v1.4n Standard LaTeX file (size option)
)
\c@part=\count185
\c@chapter=\count186
\c@section=\count187
\c@subsection=\count188
\c@subsubsection=\count189
\c@paragraph=\count190
\c@subparagraph=\count191
\c@figure=\count192
\c@table=\count193
\abovecaptionskip=\skip47
\belowcaptionskip=\skip48
\bibindent=\dimen138
) (/usr/share/texlive/texmf-dist/tex/latex/geometry/geometry.sty
Package: geometry 2020/01/02 v5.9 Page Geometry
 (/usr/share/texlive/texmf-dist/tex/latex/graphics/keyval.sty
Package: keyval 2014/10/28 v1.15 key=value parser (DPC)
\KV@toks@=\toks16
) (/usr/share/texlive/texmf-dist/tex/generic/iftex/ifvtex.sty
Package: ifvtex 2019/10/25 v1.7 ifvtex legacy package. Use iftex instead.
 (/usr/share/texlive/texmf-dist/tex/generic/iftex/iftex.sty
Package: iftex 2020/03/06 v1.0d TeX engine tests
))
\Gm@cnth=\count194
\Gm@cntv=\count195
\c@Gm@tempcnt=\count196
\Gm@bindingoffset=\dimen139
\Gm@wd@mp=\dimen140
\Gm@odd@mp=\dimen141
\Gm@even@mp=\dimen142
\Gm@layoutwidth=\dimen143
\Gm@layoutheight=\dimen144
\Gm@layouthoffset=\dimen145
\Gm@layoutvoffset=\dimen146
\Gm@dimlist=\toks17
) (/usr/share/texlive/texmf-dist/tex/latex/amsmath/amsmath.sty
Package: amsmath 2021/10/15 v2.17l AMS math features
\@mathmargin=\skip49

For additional information on amsmath, use the `?' option.
(/usr/share/texlive/texmf-dist/tex/latex/amsmath/amstext.sty
Package: amstext 2021/08/26 v2.01 AMS text
 (/usr/share/texlive/texmf-dist/tex/latex/amsmath/amsgen.sty
File: amsgen.sty 1999/11/30 v2.0 generic functions
\@emptytoks=\toks18
\ex@=\dimen147
)) (/usr/share/texlive/texmf-dist/tex/latex/amsmath/amsbsy.sty
Package: amsbsy 1999/11/29 v1.2d Bold Symbols
\pmbraise@=\dimen148
) (/usr/share/texlive/texmf-dist/tex/latex/amsmath/amsopn.sty
Package: amsopn 2021/08/26 v2.02 operator names
)
\inf@bad=\count197
LaTeX Info: Redefining \frac on input line 234.
\uproot@=\count198
\leftroot@=\count199
LaTeX Info: Redefining \overline on input line 399.
\classnum@=\count266
\DOTSCASE@=\count267
LaTeX Info: Redefining \ldots on input line 496.
LaTeX Info: Redefining \dots on input line 499.
LaTeX Info: Redefining \cdots on input line 620.
\Mathstrutbox@=\box50
\strutbox@=\box51
\big@size=\dimen149
LaTeX Font Info:    Redeclaring font encoding OML on input line 743.
LaTeX Font Info:    Redeclaring font encoding OMS on input line 744.
\macc@depth=\count268
\c@MaxMatrixCols=\count269
\dotsspace@=\muskip16
\c@parentequation=\count270
\dspbrk@lvl=\count271
\tag@help=\toks19
\row@=\count272
\column@=\count273
\maxfields@=\count274
\andhelp@=\toks20
\eqnshift@=\dimen150
\alignsep@=\dimen151
\tagshift@=\dimen152
\tagwidth@=\dimen153
\totwidth@=\dimen154
\lineht@=\dimen155
\@envbody=\toks21
\multlinegap=\skip50
\multlinetaggap=\skip51
\mathdisplay@stack=\toks22
LaTeX Info: Redefining \[ on input line 2938.
LaTeX Info: Redefining \] on input line 2939.
) (/usr/share/texlive/texmf-dist/tex/latex/amsfonts/amsfonts.sty
Package: amsfonts 2013/01/14 v3.01 Basic AMSFonts support
\symAMSa=\mathgroup4
\symAMSb=\mathgroup5
LaTeX Font Info:    Redeclaring math symbol \hbar on input line 98.
LaTeX Font Info:    Overwriting math alphabet `\mathfrak' in version `bold'
(Font)                  U/euf/m/n --> U/euf/b/n on input line 106.
) (/usr/share/texlive/texmf-dist/tex/latex/amsfonts/amssymb.sty
Package: amssymb 2013/01/14 v3.01 AMS font symbols
) (/usr/share/texlive/texmf-dist/tex/latex/graphics/graphicx.sty
Package: graphicx 2021/09/16 v1.2d Enhanced LaTeX Graphics (DPC,SPQR)
 (/usr/share/texlive/texmf-dist/tex/latex/graphics/graphics.sty
Package: graphics 2021/03/04 v1.4d Standard LaTeX Graphics (DPC,SPQR)
 (/usr/share/texlive/texmf-dist/tex/latex/graphics/trig.sty
Package: trig 2021/08/11 v1.11 sin cos tan (DPC)
) (/usr/share/texlive/texmf-dist/tex/latex/graphics-cfg/graphics.cfg
File: graphics.cfg 2016/06/04 v1.11 sample graphics configuration
)
Package graphics Info: Driver file: pdftex.def on input line 107.
 (/usr/share/texlive/texmf-dist/tex/latex/graphics-def/pdftex.def
File: pdftex.def 2020/10/05 v1.2a Graphics/color driver for pdftex
))
\Gin@req@height=\dimen156
\Gin@req@width=\dimen157
) (/usr/share/texlive/texmf-dist/tex/latex/listings/listings.sty
\lst@mode=\count275
\lst@gtempboxa=\box52
\lst@token=\toks23
\lst@length=\count276
\lst@currlwidth=\dimen158
\lst@column=\count277
\lst@pos=\count278
\lst@lostspace=\dimen159
\lst@width=\dimen160
\lst@newlines=\count279
\lst@lineno=\count280
\lst@maxwidth=\dimen161
 (/usr/share/texlive/texmf-dist/tex/latex/listings/lstmisc.sty
File: lstmisc.sty 2020/03/24 1.8d (Carsten Heinz)
\c@lstnumber=\count281
\lst@skipnumbers=\count282
\lst@framebox=\box53
) (/usr/share/texlive/texmf-dist/tex/latex/listings/listings.cfg
File: listings.cfg 2020/03/24 1.8d listings configuration
))
Package: listings 2020/03/24 1.8d (Carsten Heinz)
 (/usr/share/texlive/texmf-dist/tex/latex/caption/subcaption.sty
Package: subcaption 2020/10/07 v1.3j Sub-captions (AR)
 (/usr/share/texlive/texmf-dist/tex/latex/caption/caption.sty
Package: caption 2020/10/26 v3.5g Customizing captions (AR)
 (/usr/share/texlive/texmf-dist/tex/latex/caption/caption3.sty
Package: caption3 2020/10/21 v2.2e caption3 kernel (AR)
\captionmargin=\dimen162
\captionmargin@=\dimen163
\captionwidth=\dimen164
\caption@tempdima=\dimen165
\caption@indent=\dimen166
\caption@parindent=\dimen167
\caption@hangindent=\dimen168
Package caption Info: Standard document class detected.
)
\c@caption@flags=\count283
\c@continuedfloat=\count284
Package caption Info: listings package is loaded.
)
\c@subfigure=\count285
\c@subtable=\count286
) (/usr/share/texlive/texmf-dist/tex/latex/tools/tabularx.sty
Package: tabularx 2020/01/15 v2.11c `tabularx' package (DPC)
 (/usr/share/texlive/texmf-dist/tex/latex/tools/array.sty
Package: array 2021/10/04 v2.5f Tabular extension package (FMi)
\col@sep=\dimen169
\ar@mcellbox=\box54
\extrarowheight=\dimen170
\NC@list=\toks24
\extratabsurround=\skip52
\backup@length=\skip53
\ar@cellbox=\box55
)
\TX@col@width=\dimen171
\TX@old@table=\dimen172
\TX@old@col=\dimen173
\TX@target=\dimen174
\TX@delta=\dimen175
\TX@cols=\count287
\TX@ftn=\toks25
) (/usr/share/texlive/texmf-dist/tex/latex/hyperref/hyperref.sty
Package: hyperref 2021-06-07 v7.00m Hypertext links for LaTeX
 (/usr/share/texlive/texmf-dist/tex/generic/ltxcmds/ltxcmds.sty
Package: ltxcmds 2020-05-10 v1.25 LaTeX kernel commands for general use (HO)
) (/usr/share/texlive/texmf-dist/tex/generic/pdftexcmds/pdftexcmds.sty
Package: pdftexcmds 2020-06-27 v0.33 Utility functions of pdfTeX for LuaTeX (HO)
 (/usr/share/texlive/texmf-dist/tex/generic/infwarerr/infwarerr.sty
Package: infwarerr 2019/12/03 v1.5 Providing info/warning/error messages (HO)
)
Package pdftexcmds Info: \pdf@primitive is available.
Package pdftexcmds Info: \pdf@ifprimitive is available.
Package pdftexcmds Info: \pdfdraftmode found.
) (/usr/share/texlive/texmf-dist/tex/generic/kvsetkeys/kvsetkeys.sty
Package: kvsetkeys 2019/12/15 v1.18 Key value parser (HO)
) (/usr/share/texlive/texmf-dist/tex/generic/kvdefinekeys/kvdefinekeys.sty
Package: kvdefinekeys 2019-12-19 v1.6 Define keys (HO)
) (/usr/share/texlive/texmf-dist/tex/generic/pdfescape/pdfescape.sty
Package: pdfescape 2019/12/09 v1.15 Implements pdfTeX's escape features (HO)
) (/usr/share/texlive/texmf-dist/tex/latex/hycolor/hycolor.sty
Package: hycolor 2020-01-27 v1.10 Color options for hyperref/bookmark (HO)
) (/usr/share/texlive/texmf-dist/tex/latex/letltxmacro/letltxmacro.sty
Package: letltxmacro 2019/12/03 v1.6 Let assignment for LaTeX macros (HO)
) (/usr/share/texlive/texmf-dist/tex/latex/auxhook/auxhook.sty
Package: auxhook 2019-12-17 v1.6 Hooks for auxiliary files (HO)
) (/usr/share/texlive/texmf-dist/tex/latex/kvoptions/kvoptions.sty
Package: kvoptions 2020-10-07 v3.14 Key value format for package options (HO)
)
\@linkdim=\dimen176
\Hy@linkcounter=\count288
\Hy@pagecounter=\count289
 (/usr/share/texlive/texmf-dist/tex/latex/hyperref/pd1enc.def
File: pd1enc.def 2021-06-07 v7.00m Hyperref: PDFDocEncoding definition (HO)
Now handling font encoding PD1 ...
... no UTF-8 mapping file for font encoding PD1
) (/usr/share/texlive/texmf-dist/tex/latex/hyperref/hyperref-langpatches.def
File: hyperref-langpatches.def 2021-06-07 v7.00m Hyperref: patches for babel languages
) (/usr/share/texlive/texmf-dist/tex/generic/intcalc/intcalc.sty
Package: intcalc 2019/12/15 v1.3 Expandable calculations with integers (HO)
) (/usr/share/texlive/texmf-dist/tex/generic/etexcmds/etexcmds.sty
Package: etexcmds 2019/12/15 v1.7 Avoid name clashes with e-TeX commands (HO)
)
\Hy@SavedSpaceFactor=\count290
 (/usr/share/texlive/texmf-dist/tex/latex/hyperref/puenc.def
File: puenc.def 2021-06-07 v7.00m Hyperref: PDF Unicode definition (HO)
Now handling font encoding PU ...
... no UTF-8 mapping file for font encoding PU
)
Package hyperref Info: Hyper figures OFF on input line 4192.
Package hyperref Info: Link nesting OFF on input line 4197.
Package hyperref Info: Hyper index ON on input line 4200.
Package hyperref Info: Plain pages OFF on input line 4207.
Package hyperref Info: Backreferencing OFF on input line 4212.
Package hyperref Info: Implicit mode ON; LaTeX internals redefined.
Package hyperref Info: Bookmarks ON on input line 4445.
\c@Hy@tempcnt=\count291
 (/usr/share/texlive/texmf-dist/tex/latex/url/url.sty
\Urlmuskip=\muskip17
Package: url 2013/09/16  ver 3.4  Verb mode for urls, etc.
)
LaTeX Info: Redefining \url on input line 4804.
\XeTeXLinkMargin=\dimen177
 (/usr/share/texlive/texmf-dist/tex/generic/bitset/bitset.sty
Package: bitset 2019/12/09 v1.3 Handle bit-vector datatype (HO)
 (/usr/share/texlive/texmf-dist/tex/generic/bigintcalc/bigintcalc.sty
Package: bigintcalc 2019/12/15 v1.5 Expandable calculations on big integers (HO)
))
\Fld@menulength=\count292
\Field@Width=\dimen178
\Fld@charsize=\dimen179
Package hyperref Info: Hyper figures OFF on input line 6076.
Package hyperref Info: Link nesting OFF on input line 6081.
Package hyperref Info: Hyper index ON on input line 6084.
Package hyperref Info: backreferencing OFF on input line 6091.
Package hyperref Info: Link coloring OFF on input line 6096.
Package hyperref Info: Link coloring with OCG OFF on input line 6101.
Package hyperref Info: PDF/A mode OFF on input line 6106.
LaTeX Info: Redefining \ref on input line 6146.
LaTeX Info: Redefining \pageref on input line 6150.
 (/usr/share/texlive/texmf-dist/tex/latex/base/atbegshi-ltx.sty
Package: atbegshi-ltx 2021/01/10 v1.0c Emulation of the original atbegshi
package with kernel methods
)
\Hy@abspage=\count293
\c@Item=\count294
\c@Hfootnote=\count295
)
Package hyperref Info: Driver (autodetected): hpdftex.
 (/usr/share/texlive/texmf-dist/tex/latex/hyperref/hpdftex.def
File: hpdftex.def 2021-06-07 v7.00m Hyperref driver for pdfTeX
 (/usr/share/texlive/texmf-dist/tex/latex/base/atveryend-ltx.sty
Package: atveryend-ltx 2020/08/19 v1.0a Emulation of the original atveryend package
with kernel methods
)
\Fld@listcount=\count296
\c@bookmark@seq@number=\count297
 (/usr/share/texlive/texmf-dist/tex/latex/rerunfilecheck/rerunfilecheck.sty
Package: rerunfilecheck 2019/12/05 v1.9 Rerun checks for auxiliary files (HO)
 (/usr/share/texlive/texmf-dist/tex/generic/uniquecounter/uniquecounter.sty
Package: uniquecounter 2019/12/15 v1.4 Provide unlimited unique counter (HO)
)
Package uniquecounter Info: New unique counter `rerunfilecheck' on input line 286.
)
\Hy@SectionHShift=\skip54
) (/usr/share/texlive/texmf-dist/tex/latex/wrapfig/wrapfig.sty
\wrapoverhang=\dimen180
\WF@size=\dimen181
\c@WF@wrappedlines=\count298
\WF@box=\box56
\WF@everypar=\toks26
Package: wrapfig 2003/01/31  v 3.6
) (/usr/share/texlive/texmf-dist/tex/latex/listings/lstlang1.sty
File: lstlang1.sty 2020/03/24 1.8d listings language file
) (/usr/share/texlive/texmf-dist/tex/latex/listings/lstlang1.sty
File: lstlang1.sty 2020/03/24 1.8d listings language file
) (/usr/share/texlive/texmf-dist/tex/latex/listings/lstmisc.sty
File: lstmisc.sty 2020/03/24 1.8d (Carsten Heinz)
) (/usr/share/texlive/texmf-dist/tex/latex/l3backend/l3backend-pdftex.def
File: l3backend-pdftex.def 2022-01-12 L3 backend support: PDF output (pdfTeX)
\l__color_backend_stack_int=\count299
\l__pdf_internal_box=\box57
) (./report.aux)
\openout1 = `report.aux'.

LaTeX Font Info:    Checking defaults for OML/cmm/m/it on input line 33.
LaTeX Font Info:    ... okay on input line 33.
LaTeX Font Info:    Checking defaults for OMS/cmsy/m/n on input line 33.
LaTeX Font Info:    ... okay on input line 33.
LaTeX Font Info:    Checking defaults for OT1/cmr/m/n on input line 33.
LaTeX Font Info:    ... okay on input line 33.
LaTeX Font Info:    Checking defaults for T1/cmr/m/n on input line 33.
LaTeX Font Info:    ... okay on input line 33.
LaTeX Font Info:    Checking defaults for TS1/cmr/m/n on input line 33.
LaTeX Font Info:    ... okay on input line 33.
LaTeX Font Info:    Checking defaults for OMX/cmex/m/n on input line 33.
LaTeX Font Info:    ... okay on input line 33.
LaTeX Font Info:    Checking defaults for U/cmr/m/n on input line 33.
LaTeX Font Info:    ... okay on input line 33.
LaTeX Font Info:    Checking defaults for PD1/pdf/m/n on input line 33.
LaTeX Font Info:    ... okay on input line 33.
LaTeX Font Info:    Checking defaults for PU/pdf/m/n on input line 33.
LaTeX Font Info:    ... okay on input line 33.

*geometry* driver: auto-detecting
*geometry* detected driver: pdftex
*geometry* verbose mode - [ preamble ] result:
* driver: pdftex
* paper: a4paper
* layout: <same size as paper>
* layoutoffset:(h,v)=(0.0pt,0.0pt)
* modes: 
* h-part:(L,W,R)=(72.26999pt, 452.9679pt, 72.26999pt)
* v-part:(T,H,B)=(72.26999pt, 700.50687pt, 72.26999pt)
* \paperwidth=597.50787pt
* \paperheight=845.04684pt
* \textwidth=452.9679pt
* \textheight=700.50687pt
* \oddsidemargin=0.0pt
* \evensidemargin=0.0pt
* \topmargin=-37.0pt
* \headheight=12.0pt
* \headsep=25.0pt
* \topskip=12.0pt
* \footskip=30.0pt
* \marginparwidth=35.0pt
* \marginparsep=10.0pt
* \columnsep=10.0pt
* \skip\footins=10.8pt plus 4.0pt minus 2.0pt
* \hoffset=0.0pt
* \voffset=0.0pt
* \mag=1000
* \@twocolumnfalse
* \@twosidefalse
* \@mparswitchfalse
* \@reversemarginfalse
* (1in=72.27pt=25.4mm, 1cm=28.453pt)

(/usr/share/texlive/texmf-dist/tex/context/base/mkii/supp-pdf.mkii
[Loading MPS to PDF converter (version 2006.09.02).]
\scratchcounter=\count300
\scratchdimen=\dimen182
\scratchbox=\box58
\nofMPsegments=\count301
\nofMParguments=\count302
\everyMPshowfont=\toks27
\MPscratchCnt=\count303
\MPscratchDim=\dimen183
\MPnumerator=\count304
\makeMPintoPDFobject=\count305
\everyMPtoPDFconversion=\toks28
) (/usr/share/texlive/texmf-dist/tex/latex/epstopdf-pkg/epstopdf-base.sty
Package: epstopdf-base 2020-01-24 v2.11 Base part for package epstopdf
Package epstopdf-base Info: Redefining graphics rule for `.eps' on input line 485.
 (/usr/share/texlive/texmf-dist/tex/latex/latexconfig/epstopdf-sys.cfg
File: epstopdf-sys.cfg 2010/07/13 v1.3 Configuration of (r)epstopdf for TeX Live
))
\c@lstlisting=\count306
Package caption Info: Begin \AtBeginDocument code.
Package caption Info: hyperref package is loaded.
Package caption Info: wrapfig package is loaded.
Package caption Info: End \AtBeginDocument code.
Package hyperref Info: Link coloring OFF on input line 33.
 (/usr/share/texlive/texmf-dist/tex/latex/hyperref/nameref.sty
Package: nameref 2021-04-02 v2.47 Cross-referencing by name of section
 (/usr/share/texlive/texmf-dist/tex/latex/refcount/refcount.sty
Package: refcount 2019/12/15 v3.6 Data extraction from label references (HO)
) (/usr/share/texlive/texmf-dist/tex/generic/gettitlestring/gettitlestring.sty
Package: gettitlestring 2019/12/15 v1.6 Cleanup title references (HO)
)
\c@section@level=\count307
)
LaTeX Info: Redefining \ref on input line 33.
LaTeX Info: Redefining \pageref on input line 33.
LaTeX Info: Redefining \nameref on input line 33.
 (./report.out) (./report.out)
\@outlinefile=\write3
\openout3 = `report.out'.

LaTeX Font Info:    Trying to load font information for U+msa on input line 36.
 (/usr/share/texlive/texmf-dist/tex/latex/amsfonts/umsa.fd
File: umsa.fd 2013/01/14 v3.01 AMS symbols A
)
LaTeX Font Info:    Trying to load font information for U+msb on input line 36.
 (/usr/share/texlive/texmf-dist/tex/latex/amsfonts/umsb.fd
File: umsb.fd 2013/01/14 v3.01 AMS symbols B
) [1

{/var/lib/texmf/fonts/map/pdftex/updmap/pdftex.map}] (./report.toc)
\tf@toc=\write4
\openout4 = `report.toc'.

pdfTeX warning (ext4): destination with the same identifier (name{page.1}) has been already used, duplicate ignored
<to be read again> 
                   \relax 
l.39 \chapter
             {Introduction} [1

]
Chapter 1.
[2

]
Chapter 2.
LaTeX Font Info:    Font shape `OT1/cmtt/bx/n' in size <10.95> not available
(Font)              Font shape `OT1/cmtt/m/n' tried instead on input line 76.
[3

] [4]
<program.png, id=216, 1156.32pt x 333.04425pt>
File: program.png Graphic file (type png)
<use program.png>
Package pdftex.def Info: program.png  used on input line 170.
(pdftex.def)             Requested size: 452.9679pt x 130.46097pt.
 [5 <./program.png>] [6

]
<test_img/noise1.png, id=288, 513.92pt x 513.92pt>
File: test_img/noise1.png Graphic file (type png)
<use test_img/noise1.png>
Package pdftex.def Info: test_img/noise1.png  used on input line 276.
(pdftex.def)             Requested size: 338.0198pt x 338.01357pt.
<result_img/noise1_q1.png, id=289, 513.92pt x 513.92pt>
File: result_img/noise1_q1.png Graphic file (type png)
<use result_img/noise1_q1.png>
Package pdftex.def Info: result_img/noise1_q1.png  used on input line 277.
(pdftex.def)             Requested size: 338.0198pt x 338.01357pt.


LaTeX Warning: Float too large for page by 15.52025pt on input line 279.

[7] [8 <./test_img/noise1.png (PNG copy)> <./result_img/noise1_q1.png (PNG copy)>] [9

] [10] [11]
File: test_img/noise1.png Graphic file (type png)
<use test_img/noise1.png>
Package pdftex.def Info: test_img/noise1.png  used on input line 468.
(pdftex.def)             Requested size: 338.0198pt x 338.01357pt.
<result_img/noise1_q2.png, id=503, 513.92pt x 513.92pt>
File: result_img/noise1_q2.png Graphic file (type png)
<use result_img/noise1_q2.png>
Package pdftex.def Info: result_img/noise1_q2.png  used on input line 469.
(pdftex.def)             Requested size: 338.0198pt x 338.01357pt.


LaTeX Warning: Float too large for page by 15.52025pt on input line 471.

[12] [13 <./result_img/noise1_q2.png (PNG copy)>]
Chapter 3.
File: test_img/noise1.png Graphic file (type png)
<use test_img/noise1.png>
Package pdftex.def Info: test_img/noise1.png  used on input line 488.
(pdftex.def)             Requested size: 221.95676pt x 221.9615pt.
<output/noise1_q1_K3P1.png, id=550, 513.92pt x 513.92pt>
File: output/noise1_q1_K3P1.png Graphic file (type png)
<use output/noise1_q1_K3P1.png>
Package pdftex.def Info: output/noise1_q1_K3P1.png  used on input line 492.
(pdftex.def)             Requested size: 221.95676pt x 221.9615pt.
<output/noise1_q1_K5P2.png, id=551, 513.92pt x 513.92pt>
File: output/noise1_q1_K5P2.png Graphic file (type png)
<use output/noise1_q1_K5P2.png>
Package pdftex.def Info: output/noise1_q1_K5P2.png  used on input line 497.
(pdftex.def)             Requested size: 221.95676pt x 221.9615pt.
<output/noise1_q1_K7P3.png, id=552, 513.92pt x 513.92pt>
File: output/noise1_q1_K7P3.png Graphic file (type png)
<use output/noise1_q1_K7P3.png>
Package pdftex.def Info: output/noise1_q1_K7P3.png  used on input line 501.
(pdftex.def)             Requested size: 221.95676pt x 221.9615pt.
<result_img/noise1_his.png, id=553, 948.9051pt x 331.7193pt>
File: result_img/noise1_his.png Graphic file (type png)
<use result_img/noise1_his.png>
Package pdftex.def Info: result_img/noise1_his.png  used on input line 513.
(pdftex.def)             Requested size: 431.39053pt x 150.79968pt.
<output/noise1_q1_K3P1_his.png, id=554, 942.4008pt x 331.7193pt>
File: output/noise1_q1_K3P1_his.png Graphic file (type png)
<use output/noise1_q1_K3P1_his.png>
Package pdftex.def Info: output/noise1_q1_K3P1_his.png  used on input line 517.
(pdftex.def)             Requested size: 428.43353pt x 150.79968pt.
<output/noise1_q1_K5P2_his.png, id=555, 942.4008pt x 331.7193pt>
File: output/noise1_q1_K5P2_his.png Graphic file (type png)
<use output/noise1_q1_K5P2_his.png>
Package pdftex.def Info: output/noise1_q1_K5P2_his.png  used on input line 522.
(pdftex.def)             Requested size: 428.43353pt x 150.79968pt.
<output/noise1_q1_K7P3_his.png, id=556, 942.4008pt x 331.7193pt>
File: output/noise1_q1_K7P3_his.png Graphic file (type png)
<use output/noise1_q1_K7P3_his.png>
Package pdftex.def Info: output/noise1_q1_K7P3_his.png  used on input line 526.
(pdftex.def)             Requested size: 428.43353pt x 150.79968pt.

LaTeX Warning: Float too large for page by 23.09181pt on input line 533.

<test_img/noise2.png, id=557, 307.1475pt x 342.27875pt>
File: test_img/noise2.png Graphic file (type png)
<use test_img/noise2.png>
Package pdftex.def Info: test_img/noise2.png  used on input line 538.
(pdftex.def)             Requested size: 221.95676pt x 247.34402pt.
<output/noise2_q1_K3P1.png, id=558, 307.1475pt x 342.27875pt>
File: output/noise2_q1_K3P1.png Graphic file (type png)
<use output/noise2_q1_K3P1.png>
Package pdftex.def Info: output/noise2_q1_K3P1.png  used on input line 542.
(pdftex.def)             Requested size: 221.95676pt x 247.34402pt.
<output/noise2_q1_K5P2.png, id=559, 307.1475pt x 342.27875pt>
File: output/noise2_q1_K5P2.png Graphic file (type png)
<use output/noise2_q1_K5P2.png>
Package pdftex.def Info: output/noise2_q1_K5P2.png  used on input line 547.
(pdftex.def)             Requested size: 221.95676pt x 247.34402pt.
<output/noise2_q1_K7P3.png, id=560, 307.1475pt x 342.27875pt>
File: output/noise2_q1_K7P3.png Graphic file (type png)
<use output/noise2_q1_K7P3.png>
Package pdftex.def Info: output/noise2_q1_K7P3.png  used on input line 551.
(pdftex.def)             Requested size: 221.95676pt x 247.34402pt.
<result_img/noise2_his.png, id=561, 942.4008pt x 331.7193pt>
File: result_img/noise2_his.png Graphic file (type png)
<use result_img/noise2_his.png>
Package pdftex.def Info: result_img/noise2_his.png  used on input line 563.
(pdftex.def)             Requested size: 428.43353pt x 150.79968pt.
<output/noise2_q1_K3P1_his.png, id=562, 942.4008pt x 331.7193pt>
File: output/noise2_q1_K3P1_his.png Graphic file (type png)
<use output/noise2_q1_K3P1_his.png>
Package pdftex.def Info: output/noise2_q1_K3P1_his.png  used on input line 567.
(pdftex.def)             Requested size: 428.43353pt x 150.79968pt.
<output/noise2_q1_K5P2_his.png, id=563, 942.4008pt x 331.7193pt>
File: output/noise2_q1_K5P2_his.png Graphic file (type png)
<use output/noise2_q1_K5P2_his.png>
Package pdftex.def Info: output/noise2_q1_K5P2_his.png  used on input line 572.
(pdftex.def)             Requested size: 428.43353pt x 150.79968pt.
<output/noise2_q1_K7P3_his.png, id=564, 942.4008pt x 331.7193pt>
File: output/noise2_q1_K7P3_his.png Graphic file (type png)
<use output/noise2_q1_K7P3_his.png>
Package pdftex.def Info: output/noise2_q1_K7P3_his.png  used on input line 576.
(pdftex.def)             Requested size: 428.43353pt x 150.79968pt.

LaTeX Warning: Float too large for page by 23.09181pt on input line 583.

[14


] [15 <./output/noise1_q1_K3P1.png (PNG copy)> <./output/noise1_q1_K5P2.png (PNG copy)> <./output/noise1_q1_K7P3.png (PNG copy)>] [16 <./result_img/noise1_his.png> <./output/noise1_q1_K3P1_his.png> <./output/noise1_q1_K5P2_his.png> <./output/noise1_q1_K7P3_his.png>] [17 <./test_img/noise2.png> <./output/noise2_q1_K3P1.png (PNG copy)> <./output/noise2_q1_K5P2.png (PNG copy)> <./output/noise2_q1_K7P3.png (PNG copy)>] [18 <./result_img/noise2_his.png> <./output/noise2_q1_K3P1_his.png> <./output/noise2_q1_K5P2_his.png> <./output/noise2_q1_K7P3_his.png>]
File: test_img/noise1.png Graphic file (type png)
<use test_img/noise1.png>
Package pdftex.def Info: test_img/noise1.png  used on input line 597.
(pdftex.def)             Requested size: 221.95676pt x 221.9615pt.
<output/noise1_q2_K3P1.png, id=604, 513.92pt x 513.92pt>
File: output/noise1_q2_K3P1.png Graphic file (type png)
<use output/noise1_q2_K3P1.png>
Package pdftex.def Info: output/noise1_q2_K3P1.png  used on input line 601.
(pdftex.def)             Requested size: 221.95676pt x 221.9615pt.
<output/noise1_q2_K5P2.png, id=605, 513.92pt x 513.92pt>
File: output/noise1_q2_K5P2.png Graphic file (type png)
<use output/noise1_q2_K5P2.png>
Package pdftex.def Info: output/noise1_q2_K5P2.png  used on input line 606.
(pdftex.def)             Requested size: 221.95676pt x 221.9615pt.
<output/noise1_q2_K7P3.png, id=606, 513.92pt x 513.92pt>
File: output/noise1_q2_K7P3.png Graphic file (type png)
<use output/noise1_q2_K7P3.png>
Package pdftex.def Info: output/noise1_q2_K7P3.png  used on input line 610.
(pdftex.def)             Requested size: 221.95676pt x 221.9615pt.
File: result_img/noise1_his.png Graphic file (type png)
<use result_img/noise1_his.png>
Package pdftex.def Info: result_img/noise1_his.png  used on input line 622.
(pdftex.def)             Requested size: 431.39053pt x 150.79968pt.
<output/noise1_q2_K3P1_his.png, id=607, 948.9051pt x 331.7193pt>
File: output/noise1_q2_K3P1_his.png Graphic file (type png)
<use output/noise1_q2_K3P1_his.png>
Package pdftex.def Info: output/noise1_q2_K3P1_his.png  used on input line 626.
(pdftex.def)             Requested size: 431.39053pt x 150.79968pt.
<output/noise1_q2_K5P2_his.png, id=608, 948.9051pt x 331.7193pt>
File: output/noise1_q2_K5P2_his.png Graphic file (type png)
<use output/noise1_q2_K5P2_his.png>
Package pdftex.def Info: output/noise1_q2_K5P2_his.png  used on input line 631.
(pdftex.def)             Requested size: 431.39053pt x 150.79968pt.
<output/noise1_q2_K7P3_his.png, id=609, 948.9051pt x 331.7193pt>
File: output/noise1_q2_K7P3_his.png Graphic file (type png)
<use output/noise1_q2_K7P3_his.png>
Package pdftex.def Info: output/noise1_q2_K7P3_his.png  used on input line 635.
(pdftex.def)             Requested size: 431.39053pt x 150.79968pt.


LaTeX Warning: Float too large for page by 23.09181pt on input line 642.

File: test_img/noise2.png Graphic file (type png)
<use test_img/noise2.png>
Package pdftex.def Info: test_img/noise2.png  used on input line 647.
(pdftex.def)             Requested size: 221.95676pt x 247.34402pt.
<output/noise2_q2_K3P1.png, id=610, 307.1475pt x 342.27875pt>
File: output/noise2_q2_K3P1.png Graphic file (type png)
<use output/noise2_q2_K3P1.png>
Package pdftex.def Info: output/noise2_q2_K3P1.png  used on input line 651.
(pdftex.def)             Requested size: 221.95676pt x 247.34402pt.
<output/noise2_q2_K5P2.png, id=611, 307.1475pt x 342.27875pt>
File: output/noise2_q2_K5P2.png Graphic file (type png)
<use output/noise2_q2_K5P2.png>
Package pdftex.def Info: output/noise2_q2_K5P2.png  used on input line 656.
(pdftex.def)             Requested size: 221.95676pt x 247.34402pt.
<output/noise2_q2_K7P3.png, id=612, 307.1475pt x 342.27875pt>
File: output/noise2_q2_K7P3.png Graphic file (type png)
<use output/noise2_q2_K7P3.png>
Package pdftex.def Info: output/noise2_q2_K7P3.png  used on input line 660.
(pdftex.def)             Requested size: 221.95676pt x 247.34402pt.
File: result_img/noise2_his.png Graphic file (type png)
<use result_img/noise2_his.png>
Package pdftex.def Info: result_img/noise2_his.png  used on input line 672.
(pdftex.def)             Requested size: 428.43353pt x 150.79968pt.
<output/noise2_q2_K3P1_his.png, id=613, 942.4008pt x 331.7193pt>
File: output/noise2_q2_K3P1_his.png Graphic file (type png)
<use output/noise2_q2_K3P1_his.png>
Package pdftex.def Info: output/noise2_q2_K3P1_his.png  used on input line 676.
(pdftex.def)             Requested size: 428.43353pt x 150.79968pt.
<output/noise2_q2_K5P2_his.png, id=614, 942.4008pt x 331.7193pt>
File: output/noise2_q2_K5P2_his.png Graphic file (type png)
<use output/noise2_q2_K5P2_his.png>
Package pdftex.def Info: output/noise2_q2_K5P2_his.png  used on input line 681.
(pdftex.def)             Requested size: 428.43353pt x 150.79968pt.
<output/noise2_q2_K7P3_his.png, id=615, 942.4008pt x 331.7193pt>
File: output/noise2_q2_K7P3_his.png Graphic file (type png)
<use output/noise2_q2_K7P3_his.png>
Package pdftex.def Info: output/noise2_q2_K7P3_his.png  used on input line 685.
(pdftex.def)             Requested size: 428.43353pt x 150.79968pt.

LaTeX Warning: Float too large for page by 23.09181pt on input line 692.

[19

] [20 <./output/noise1_q2_K3P1.png (PNG copy)> <./output/noise1_q2_K5P2.png (PNG copy)> <./output/noise1_q2_K7P3.png (PNG copy)>] [21 <./output/noise1_q2_K3P1_his.png> <./output/noise1_q2_K5P2_his.png> <./output/noise1_q2_K7P3_his.png>] [22 <./output/noise2_q2_K3P1.png (PNG copy)> <./output/noise2_q2_K5P2.png (PNG copy)> <./output/noise2_q2_K7P3.png (PNG copy)>] [23 <./output/noise2_q2_K3P1_his.png> <./output/noise2_q2_K5P2_his.png> <./output/noise2_q2_K7P3_his.png>] [24

]
Appendix A.
[25

]
Appendix B.
[26

] [27] [28]
Appendix C.
[29

]
Appendix D.
[30

] [31] [32] [33] [34] [35]
Appendix E.
[36

] [37]
Appendix F.
File: test_img/noise1.png Graphic file (type png)
<use test_img/noise1.png>
Package pdftex.def Info: test_img/noise1.png  used on input line 1140.
(pdftex.def)             Requested size: 452.9679pt x 452.97243pt.
File: result_img/noise1_his.png Graphic file (type png)
<use result_img/noise1_his.png>
Package pdftex.def Info: result_img/noise1_his.png  used on input line 1142.
(pdftex.def)             Requested size: 452.9679pt x 158.35284pt.
File: output/noise1_q1_K3P1.png Graphic file (type png)
<use output/noise1_q1_K3P1.png>
Package pdftex.def Info: output/noise1_q1_K3P1.png  used on input line 1146.
(pdftex.def)             Requested size: 452.9679pt x 452.97243pt.
File: output/noise1_q1_K3P1_his.png Graphic file (type png)
<use output/noise1_q1_K3P1_his.png>
Package pdftex.def Info: output/noise1_q1_K3P1_his.png  used on input line 1148.
(pdftex.def)             Requested size: 452.9679pt x 159.44109pt.
File: output/noise1_q1_K5P2.png Graphic file (type png)
<use output/noise1_q1_K5P2.png>
Package pdftex.def Info: output/noise1_q1_K5P2.png  used on input line 1152.
(pdftex.def)             Requested size: 452.9679pt x 452.97243pt.
File: output/noise1_q1_K5P2_his.png Graphic file (type png)
<use output/noise1_q1_K5P2_his.png>
Package pdftex.def Info: output/noise1_q1_K5P2_his.png  used on input line 1154.
(pdftex.def)             Requested size: 452.9679pt x 159.44109pt.
File: output/noise1_q1_K7P3.png Graphic file (type png)
<use output/noise1_q1_K7P3.png>
Package pdftex.def Info: output/noise1_q1_K7P3.png  used on input line 1158.
(pdftex.def)             Requested size: 452.9679pt x 452.97243pt.
File: output/noise1_q1_K7P3_his.png Graphic file (type png)
<use output/noise1_q1_K7P3_his.png>
Package pdftex.def Info: output/noise1_q1_K7P3_his.png  used on input line 1160.
(pdftex.def)             Requested size: 452.9679pt x 159.44109pt.
File: output/noise1_q2_K3P1.png Graphic file (type png)
<use output/noise1_q2_K3P1.png>
Package pdftex.def Info: output/noise1_q2_K3P1.png  used on input line 1164.
(pdftex.def)             Requested size: 452.9679pt x 452.97243pt.
File: output/noise1_q2_K3P1_his.png Graphic file (type png)
<use output/noise1_q2_K3P1_his.png>
Package pdftex.def Info: output/noise1_q2_K3P1_his.png  used on input line 1166.
(pdftex.def)             Requested size: 452.9679pt x 158.35284pt.
File: output/noise1_q2_K5P2.png Graphic file (type png)
<use output/noise1_q2_K5P2.png>
Package pdftex.def Info: output/noise1_q2_K5P2.png  used on input line 1170.
(pdftex.def)             Requested size: 452.9679pt x 452.97243pt.
File: output/noise1_q2_K5P2_his.png Graphic file (type png)
<use output/noise1_q2_K5P2_his.png>
Package pdftex.def Info: output/noise1_q2_K5P2_his.png  used on input line 1172.
(pdftex.def)             Requested size: 452.9679pt x 158.35284pt.
File: output/noise1_q2_K7P3.png Graphic file (type png)
<use output/noise1_q2_K7P3.png>
Package pdftex.def Info: output/noise1_q2_K7P3.png  used on input line 1176.
(pdftex.def)             Requested size: 452.9679pt x 452.97243pt.
File: output/noise1_q2_K7P3_his.png Graphic file (type png)
<use output/noise1_q2_K7P3_his.png>
Package pdftex.def Info: output/noise1_q2_K7P3_his.png  used on input line 1178.
(pdftex.def)             Requested size: 452.9679pt x 158.35284pt.
File: test_img/noise2.png Graphic file (type png)
<use test_img/noise2.png>
Package pdftex.def Info: test_img/noise2.png  used on input line 1184.
(pdftex.def)             Requested size: 452.9679pt x 504.80975pt.
File: result_img/noise2_his.png Graphic file (type png)
<use result_img/noise2_his.png>
Package pdftex.def Info: result_img/noise2_his.png  used on input line 1186.
(pdftex.def)             Requested size: 452.9679pt x 159.44109pt.

LaTeX Warning: Float too large for page by 13.74394pt on input line 1188.

File: output/noise2_q1_K3P1.png Graphic file (type png)
<use output/noise2_q1_K3P1.png>
Package pdftex.def Info: output/noise2_q1_K3P1.png  used on input line 1190.
(pdftex.def)             Requested size: 452.9679pt x 504.80975pt.
File: output/noise2_q1_K3P1_his.png Graphic file (type png)
<use output/noise2_q1_K3P1_his.png>
Package pdftex.def Info: output/noise2_q1_K3P1_his.png  used on input line 1192.
(pdftex.def)             Requested size: 452.9679pt x 159.44109pt.

LaTeX Warning: Float too large for page by 13.74394pt on input line 1194.

File: output/noise2_q1_K5P2.png Graphic file (type png)
<use output/noise2_q1_K5P2.png>
Package pdftex.def Info: output/noise2_q1_K5P2.png  used on input line 1196.
(pdftex.def)             Requested size: 452.9679pt x 504.80975pt.
File: output/noise2_q1_K5P2_his.png Graphic file (type png)
<use output/noise2_q1_K5P2_his.png>
Package pdftex.def Info: output/noise2_q1_K5P2_his.png  used on input line 1198.
(pdftex.def)             Requested size: 452.9679pt x 159.44109pt.

LaTeX Warning: Float too large for page by 13.74394pt on input line 1200.

File: output/noise2_q1_K7P3.png Graphic file (type png)
<use output/noise2_q1_K7P3.png>
Package pdftex.def Info: output/noise2_q1_K7P3.png  used on input line 1202.
(pdftex.def)             Requested size: 452.9679pt x 504.80975pt.
File: output/noise2_q1_K7P3_his.png Graphic file (type png)
<use output/noise2_q1_K7P3_his.png>
Package pdftex.def Info: output/noise2_q1_K7P3_his.png  used on input line 1204.
(pdftex.def)             Requested size: 452.9679pt x 159.44109pt.

LaTeX Warning: Float too large for page by 13.74394pt on input line 1206.

File: output/noise2_q2_K3P1.png Graphic file (type png)
<use output/noise2_q2_K3P1.png>
Package pdftex.def Info: output/noise2_q2_K3P1.png  used on input line 1208.
(pdftex.def)             Requested size: 452.9679pt x 504.80975pt.
File: output/noise2_q2_K3P1_his.png Graphic file (type png)
<use output/noise2_q2_K3P1_his.png>
Package pdftex.def Info: output/noise2_q2_K3P1_his.png  used on input line 1210.
(pdftex.def)             Requested size: 452.9679pt x 159.44109pt.

LaTeX Warning: Float too large for page by 13.74394pt on input line 1212.

File: output/noise2_q2_K5P2.png Graphic file (type png)
<use output/noise2_q2_K5P2.png>
Package pdftex.def Info: output/noise2_q2_K5P2.png  used on input line 1214.
(pdftex.def)             Requested size: 452.9679pt x 504.80975pt.
File: output/noise2_q2_K5P2_his.png Graphic file (type png)
<use output/noise2_q2_K5P2_his.png>
Package pdftex.def Info: output/noise2_q2_K5P2_his.png  used on input line 1216.
(pdftex.def)             Requested size: 452.9679pt x 159.44109pt.

LaTeX Warning: Float too large for page by 13.74394pt on input line 1218.

File: output/noise2_q2_K7P3.png Graphic file (type png)
<use output/noise2_q2_K7P3.png>
Package pdftex.def Info: output/noise2_q2_K7P3.png  used on input line 1220.
(pdftex.def)             Requested size: 452.9679pt x 504.80975pt.
File: output/noise2_q2_K7P3_his.png Graphic file (type png)
<use output/noise2_q2_K7P3_his.png>
Package pdftex.def Info: output/noise2_q2_K7P3_his.png  used on input line 1222.
(pdftex.def)             Requested size: 452.9679pt x 159.44109pt.

LaTeX Warning: Float too large for page by 13.74394pt on input line 1224.

[38

]

LaTeX Warning: Text page 39 contains only floats.

[39]

LaTeX Warning: Text page 40 contains only floats.

[40]

LaTeX Warning: Text page 41 contains only floats.

[41]

LaTeX Warning: Text page 42 contains only floats.

[42]

LaTeX Warning: Text page 43 contains only floats.

[43]

LaTeX Warning: Text page 44 contains only floats.

[44]

LaTeX Warning: Text page 45 contains only floats.

[45] [46] [47] [48] [49] [50] [51] [52] (./report.aux)
Package rerunfilecheck Info: File `report.out' has not changed.
(rerunfilecheck)             Checksum: D660E4009F6F62D1E085CD935B8CC62D;2995.
 ) 
Here is how much of TeX's memory you used:
 14552 strings out of 480204
 227213 string characters out of 5895009
 1046709 words of memory out of 5000000
 31428 multiletter control sequences out of 15000+600000
 479770 words of font info for 69 fonts, out of 8000000 for 9000
 36 hyphenation exceptions out of 8191
 67i,10n,77p,511b,1967s stack positions out of 5000i,500n,10000p,200000b,80000s
 </home/chinatip/.texlive2021/texmf-var/fonts/pk/ljfour/jknappen/ec/tcrm1200.600pk></usr/share/texlive/texmf-dist/fonts/type1/public/amsfonts/cm/cmbx12.pfb></usr/share/texlive/texmf-dist/fonts/type1/public/amsfonts/cm/cmitt10.pfb></usr/share/texlive/texmf-dist/fonts/type1/public/amsfonts/cm/cmr10.pfb></usr/share/texlive/texmf-dist/fonts/type1/public/amsfonts/cm/cmr12.pfb></usr/share/texlive/texmf-dist/fonts/type1/public/amsfonts/cm/cmr17.pfb></usr/share/texlive/texmf-dist/fonts/type1/public/amsfonts/cm/cmtt10.pfb></usr/share/texlive/texmf-dist/fonts/type1/public/amsfonts/cm/cmtt12.pfb>
Output written on report.pdf (53 pages, 4868002 bytes).
PDF statistics:
 1425 PDF objects out of 1440 (max. 8388607)
 1296 compressed objects within 13 object streams
 882 named destinations out of 1000 (max. 500000)
 324 words of extra memory for PDF output out of 10000 (max. 10000000)

